control-center-logs.log logger initialized on 29/9/2025 at 10:58:29 (1759143509516 mse)
[29/9/2025 (11:14:8)] processing stage-1-request request ...
[29/9/2025 (11:14:8)] [undefined] Decompiled time: 1759144450356000
[29/9/2025 (11:14:8)] [undefined] Future key encountered -2005 ms difference, client clock is 2.005s ahead of the server clock.
(WARNING)[29/9/2025 (11:14:8)] Invalid credentials: arham : Abcd12334
[29/9/2025 (11:14:13)] processing stage-1-request request ...
[29/9/2025 (11:14:13)] [undefined] Decompiled time: 1759144456180000
[29/9/2025 (11:14:13)] [undefined] Future key encountered -2474 ms difference, client clock is 2.474s ahead of the server clock.
[29/9/2025 (11:14:13)] Access Granted: arham : 521fa1b9-8e5c-4c6a-b957-9a23ebca55a3
[29/9/2025 (11:14:26)] processing stage-2-request request ...
[29/9/2025 (11:14:26)] [+918858493997] Decompiled time: 1759144469359000
[29/9/2025 (11:14:26)] [+918858493997] Future key encountered -2376 ms difference, client clock is 2.376s ahead of the server clock.
[29/9/2025 (11:14:26)] 
--------------------
Request initiated by: arham
[29/9/2025 (11:14:26)] Request received ...
[29/9/2025 (11:14:26)] Fetching user: +918858493997
[29/9/2025 (11:15:4)] processing stage-1-request request ...
[29/9/2025 (11:15:4)] [undefined] Decompiled time: 1759144503441000
[29/9/2025 (11:15:4)] [undefined] Key is valid. Created at 1759144503441 current time is 1759144504326 diff is 885 ms.
[29/9/2025 (11:15:4)] Access Granted: arham : 30010598-79c6-4561-969a-cc90dc80529c